<?xml version="1.0" encoding="utf-8"?>
<coverage line-rate="0" branch-rate="0" version="1.9" timestamp="1717581437" lines-covered="0" lines-valid="119" branches-covered="0" branches-valid="34">
  <sources>
    <source>D:\DEV-Projects\EPSI\Pomodoro\Pomodoro\</source>
  </sources>
  <packages>
    <package name="Pomodoro" line-rate="0" branch-rate="0" complexity="41">
      <classes>
        <class name="Program" filename="Program.cs" line-rate="0" branch-rate="0" complexity="2">
          <methods>
            <method name="&lt;Main&gt;$" signature="(System.String[])" line-rate="0" branch-rate="0" complexity="2">
              <lines>
                <line number="3" hits="0" branch="False" />
                <line number="6" hits="0" branch="False" />
                <line number="7" hits="0" branch="False" />
                <line number="9" hits="0" branch="False" />
                <line number="12" hits="0" branch="True" condition-coverage="0% (0/2)">
                  <conditions>
                    <condition number="49" type="jump" coverage="0%" />
                  </conditions>
                </line>
                <line number="13" hits="0" branch="False" />
                <line number="14" hits="0" branch="False" />
                <line number="16" hits="0" branch="False" />
                <line number="17" hits="0" branch="False" />
                <line number="19" hits="0" branch="False" />
                <line number="21" hits="0" branch="False" />
                <line number="22" hits="0" branch="False" />
                <line number="24" hits="0" branch="False" />
                <line number="25" hits="0" branch="False" />
                <line number="27" hits="0" branch="False" />
              </lines>
            </method>
          </methods>
          <lines>
            <line number="3" hits="0" branch="False" />
            <line number="6" hits="0" branch="False" />
            <line number="7" hits="0" branch="False" />
            <line number="9" hits="0" branch="False" />
            <line number="12" hits="0" branch="True" condition-coverage="0% (0/2)">
              <conditions>
                <condition number="49" type="jump" coverage="0%" />
              </conditions>
            </line>
            <line number="13" hits="0" branch="False" />
            <line number="14" hits="0" branch="False" />
            <line number="16" hits="0" branch="False" />
            <line number="17" hits="0" branch="False" />
            <line number="19" hits="0" branch="False" />
            <line number="21" hits="0" branch="False" />
            <line number="22" hits="0" branch="False" />
            <line number="24" hits="0" branch="False" />
            <line number="25" hits="0" branch="False" />
            <line number="27" hits="0" branch="False" />
          </lines>
        </class>
        <class name="Pomodoro.Components.Pages.Home" filename="Components\Pages\Home.razor" line-rate="0" branch-rate="0" complexity="37">
          <methods>
            <method name="BuildRenderTree" signature="(Microsoft.AspNetCore.Components.Rendering.RenderTreeBuilder)" line-rate="0" branch-rate="0" complexity="6">
              <lines>
                <line number="14" hits="0" branch="True" condition-coverage="0% (0/2)">
                  <conditions>
                    <condition number="120" type="jump" coverage="0%" />
                  </conditions>
                </line>
                <line number="15" hits="0" branch="True" condition-coverage="0% (0/2)">
                  <conditions>
                    <condition number="144" type="jump" coverage="0%" />
                  </conditions>
                </line>
                <line number="17" hits="0" branch="False" />
                <line number="41" hits="0" branch="True" condition-coverage="0% (0/2)">
                  <conditions>
                    <condition number="1222" type="jump" coverage="0%" />
                  </conditions>
                </line>
                <line number="42" hits="0" branch="False" />
                <line number="44" hits="0" branch="False" />
              </lines>
            </method>
            <method name="get_DisplayTime" signature="()" line-rate="0" branch-rate="1" complexity="1">
              <lines>
                <line number="59" hits="0" branch="False" />
              </lines>
            </method>
            <method name="InvokeStateHasChanged" signature="()" line-rate="0" branch-rate="1" complexity="1">
              <lines>
                <line number="69" hits="0" branch="False" />
                <line number="70" hits="0" branch="False" />
                <line number="71" hits="0" branch="False" />
              </lines>
            </method>
            <method name="StartTimer" signature="()" line-rate="0" branch-rate="0" complexity="2">
              <lines>
                <line number="79" hits="0" branch="False" />
                <line number="80" hits="0" branch="False" />
                <line number="81" hits="0" branch="False" />
                <line number="82" hits="0" branch="True" condition-coverage="0% (0/2)">
                  <conditions>
                    <condition number="22" type="jump" coverage="0%" />
                  </conditions>
                </line>
                <line number="83" hits="0" branch="False" />
                <line number="86" hits="0" branch="False" />
                <line number="87" hits="0" branch="False" />
                <line number="88" hits="0" branch="False" />
              </lines>
            </method>
            <method name="PauseTimer" signature="()" line-rate="0" branch-rate="0" complexity="2">
              <lines>
                <line number="91" hits="0" branch="False" />
                <line number="92" hits="0" branch="True" condition-coverage="0% (0/2)">
                  <conditions>
                    <condition number="8" type="jump" coverage="0%" />
                  </conditions>
                </line>
                <line number="93" hits="0" branch="False" />
                <line number="94" hits="0" branch="False" />
                <line number="97" hits="0" branch="False" />
                <line number="98" hits="0" branch="False" />
                <line number="99" hits="0" branch="False" />
              </lines>
            </method>
            <method name="ResetTimer" signature="()" line-rate="0" branch-rate="0" complexity="2">
              <lines>
                <line number="102" hits="0" branch="False" />
                <line number="103" hits="0" branch="True" condition-coverage="0% (0/2)">
                  <conditions>
                    <condition number="8" type="jump" coverage="0%" />
                  </conditions>
                </line>
                <line number="104" hits="0" branch="False" />
                <line number="105" hits="0" branch="False" />
                <line number="106" hits="0" branch="False" />
                <line number="107" hits="0" branch="False" />
                <line number="108" hits="0" branch="False" />
                <line number="109" hits="0" branch="False" />
                <line number="111" hits="0" branch="False" />
                <line number="112" hits="0" branch="False" />
                <line number="113" hits="0" branch="False" />
              </lines>
            </method>
            <method name="SaveSessions" signature="()" line-rate="0" branch-rate="1" complexity="1">
              <lines>
                <line number="116" hits="0" branch="False" />
                <line number="117" hits="0" branch="False" />
                <line number="118" hits="0" branch="False" />
                <line number="119" hits="0" branch="False" />
              </lines>
            </method>
            <method name="ExportSessions" signature="()" line-rate="0" branch-rate="1" complexity="1">
              <lines>
                <line number="122" hits="0" branch="False" />
                <line number="123" hits="0" branch="False" />
                <line number="124" hits="0" branch="False" />
                <line number="125" hits="0" branch="False" />
                <line number="126" hits="0" branch="False" />
              </lines>
            </method>
            <method name="DefineWorkAndBreakPeriods" signature="(Microsoft.AspNetCore.Components.ChangeEventArgs)" line-rate="0" branch-rate="0" complexity="8">
              <lines>
                <line number="129" hits="0" branch="False" />
                <line number="130" hits="0" branch="True" condition-coverage="0% (0/4)">
                  <conditions>
                    <condition number="10" type="jump" coverage="0%" />
                    <condition number="22" type="jump" coverage="0%" />
                  </conditions>
                </line>
                <line number="131" hits="0" branch="False" />
                <line number="132" hits="0" branch="False" />
                <line number="134" hits="0" branch="True" condition-coverage="0% (0/4)">
                  <conditions>
                    <condition number="81" type="jump" coverage="0%" />
                    <condition number="88" type="jump" coverage="0%" />
                  </conditions>
                </line>
                <line number="135" hits="0" branch="False" />
                <line number="136" hits="0" branch="False" />
                <line number="137" hits="0" branch="False" />
                <line number="138" hits="0" branch="False" />
                <line number="139" hits="0" branch="False" />
                <line number="140" hits="0" branch="False" />
                <line number="141" hits="0" branch="False" />
              </lines>
            </method>
            <method name="TimerElapsed" signature="(System.Object,System.Timers.ElapsedEventArgs)" line-rate="0" branch-rate="0" complexity="12">
              <lines>
                <line number="144" hits="0" branch="False" />
                <line number="145" hits="0" branch="True" condition-coverage="0% (0/2)">
                  <conditions>
                    <condition number="12" type="jump" coverage="0%" />
                  </conditions>
                </line>
                <line number="146" hits="0" branch="False" />
                <line number="147" hits="0" branch="True" condition-coverage="0% (0/2)">
                  <conditions>
                    <condition number="29" type="jump" coverage="0%" />
                  </conditions>
                </line>
                <line number="148" hits="0" branch="False" />
                <line number="149" hits="0" branch="True" condition-coverage="0% (0/2)">
                  <conditions>
                    <condition number="42" type="jump" coverage="0%" />
                  </conditions>
                </line>
                <line number="150" hits="0" branch="False" />
                <line number="151" hits="0" branch="False" />
                <line number="153" hits="0" branch="True" condition-coverage="0% (0/2)">
                  <conditions>
                    <condition number="98" type="jump" coverage="0%" />
                  </conditions>
                </line>
                <line number="154" hits="0" branch="False" />
                <line number="155" hits="0" branch="False" />
                <line number="156" hits="0" branch="False" />
                <line number="157" hits="0" branch="False" />
                <line number="158" hits="0" branch="True" condition-coverage="0% (0/2)">
                  <conditions>
                    <condition number="134" type="jump" coverage="0%" />
                  </conditions>
                </line>
                <line number="159" hits="0" branch="False" />
                <line number="160" hits="0" branch="False" />
                <line number="162" hits="0" branch="False" />
                <line number="163" hits="0" branch="False" />
                <line number="164" hits="0" branch="False" />
                <line number="165" hits="0" branch="False" />
                <line number="166" hits="0" branch="True" condition-coverage="0% (0/2)">
                  <conditions>
                    <condition number="189" type="jump" coverage="0%" />
                  </conditions>
                </line>
                <line number="167" hits="0" branch="False" />
                <line number="168" hits="0" branch="False" />
                <line number="170" hits="0" branch="False" />
                <line number="171" hits="0" branch="False" />
                <line number="172" hits="0" branch="False" />
                <line number="175" hits="0" branch="False" />
                <line number="176" hits="0" branch="False" />
                <line number="177" hits="0" branch="False" />
                <line number="179" hits="0" branch="False" />
                <line number="180" hits="0" branch="False" />
                <line number="181" hits="0" branch="False" />
                <line number="183" hits="0" branch="False" />
                <line number="184" hits="0" branch="False" />
              </lines>
            </method>
            <method name=".ctor" signature="()" line-rate="0" branch-rate="1" complexity="1">
              <lines>
                <line number="49" hits="0" branch="False" />
                <line number="50" hits="0" branch="False" />
                <line number="51" hits="0" branch="False" />
                <line number="54" hits="0" branch="False" />
                <line number="56" hits="0" branch="False" />
              </lines>
            </method>
          </methods>
          <lines>
            <line number="14" hits="0" branch="True" condition-coverage="0% (0/2)">
              <conditions>
                <condition number="120" type="jump" coverage="0%" />
              </conditions>
            </line>
            <line number="15" hits="0" branch="True" condition-coverage="0% (0/2)">
              <conditions>
                <condition number="144" type="jump" coverage="0%" />
              </conditions>
            </line>
            <line number="17" hits="0" branch="False" />
            <line number="41" hits="0" branch="True" condition-coverage="0% (0/2)">
              <conditions>
                <condition number="1222" type="jump" coverage="0%" />
              </conditions>
            </line>
            <line number="42" hits="0" branch="False" />
            <line number="44" hits="0" branch="False" />
            <line number="59" hits="0" branch="False" />
            <line number="69" hits="0" branch="False" />
            <line number="70" hits="0" branch="False" />
            <line number="71" hits="0" branch="False" />
            <line number="79" hits="0" branch="False" />
            <line number="80" hits="0" branch="False" />
            <line number="81" hits="0" branch="False" />
            <line number="82" hits="0" branch="True" condition-coverage="0% (0/2)">
              <conditions>
                <condition number="22" type="jump" coverage="0%" />
              </conditions>
            </line>
            <line number="83" hits="0" branch="False" />
            <line number="86" hits="0" branch="False" />
            <line number="87" hits="0" branch="False" />
            <line number="88" hits="0" branch="False" />
            <line number="91" hits="0" branch="False" />
            <line number="92" hits="0" branch="True" condition-coverage="0% (0/2)">
              <conditions>
                <condition number="8" type="jump" coverage="0%" />
              </conditions>
            </line>
            <line number="93" hits="0" branch="False" />
            <line number="94" hits="0" branch="False" />
            <line number="97" hits="0" branch="False" />
            <line number="98" hits="0" branch="False" />
            <line number="99" hits="0" branch="False" />
            <line number="102" hits="0" branch="False" />
            <line number="103" hits="0" branch="True" condition-coverage="0% (0/2)">
              <conditions>
                <condition number="8" type="jump" coverage="0%" />
              </conditions>
            </line>
            <line number="104" hits="0" branch="False" />
            <line number="105" hits="0" branch="False" />
            <line number="106" hits="0" branch="False" />
            <line number="107" hits="0" branch="False" />
            <line number="108" hits="0" branch="False" />
            <line number="109" hits="0" branch="False" />
            <line number="111" hits="0" branch="False" />
            <line number="112" hits="0" branch="False" />
            <line number="113" hits="0" branch="False" />
            <line number="116" hits="0" branch="False" />
            <line number="117" hits="0" branch="False" />
            <line number="118" hits="0" branch="False" />
            <line number="119" hits="0" branch="False" />
            <line number="122" hits="0" branch="False" />
            <line number="123" hits="0" branch="False" />
            <line number="124" hits="0" branch="False" />
            <line number="125" hits="0" branch="False" />
            <line number="126" hits="0" branch="False" />
            <line number="129" hits="0" branch="False" />
            <line number="130" hits="0" branch="True" condition-coverage="0% (0/4)">
              <conditions>
                <condition number="10" type="jump" coverage="0%" />
                <condition number="22" type="jump" coverage="0%" />
              </conditions>
            </line>
            <line number="131" hits="0" branch="False" />
            <line number="132" hits="0" branch="False" />
            <line number="134" hits="0" branch="True" condition-coverage="0% (0/4)">
              <conditions>
                <condition number="81" type="jump" coverage="0%" />
                <condition number="88" type="jump" coverage="0%" />
              </conditions>
            </line>
            <line number="135" hits="0" branch="False" />
            <line number="136" hits="0" branch="False" />
            <line number="137" hits="0" branch="False" />
            <line number="138" hits="0" branch="False" />
            <line number="139" hits="0" branch="False" />
            <line number="140" hits="0" branch="False" />
            <line number="141" hits="0" branch="False" />
            <line number="144" hits="0" branch="False" />
            <line number="145" hits="0" branch="True" condition-coverage="0% (0/2)">
              <conditions>
                <condition number="12" type="jump" coverage="0%" />
              </conditions>
            </line>
            <line number="146" hits="0" branch="False" />
            <line number="147" hits="0" branch="True" condition-coverage="0% (0/2)">
              <conditions>
                <condition number="29" type="jump" coverage="0%" />
              </conditions>
            </line>
            <line number="148" hits="0" branch="False" />
            <line number="149" hits="0" branch="True" condition-coverage="0% (0/2)">
              <conditions>
                <condition number="42" type="jump" coverage="0%" />
              </conditions>
            </line>
            <line number="150" hits="0" branch="False" />
            <line number="151" hits="0" branch="False" />
            <line number="153" hits="0" branch="True" condition-coverage="0% (0/2)">
              <conditions>
                <condition number="98" type="jump" coverage="0%" />
              </conditions>
            </line>
            <line number="154" hits="0" branch="False" />
            <line number="155" hits="0" branch="False" />
            <line number="156" hits="0" branch="False" />
            <line number="157" hits="0" branch="False" />
            <line number="158" hits="0" branch="True" condition-coverage="0% (0/2)">
              <conditions>
                <condition number="134" type="jump" coverage="0%" />
              </conditions>
            </line>
            <line number="159" hits="0" branch="False" />
            <line number="160" hits="0" branch="False" />
            <line number="162" hits="0" branch="False" />
            <line number="163" hits="0" branch="False" />
            <line number="164" hits="0" branch="False" />
            <line number="165" hits="0" branch="False" />
            <line number="166" hits="0" branch="True" condition-coverage="0% (0/2)">
              <conditions>
                <condition number="189" type="jump" coverage="0%" />
              </conditions>
            </line>
            <line number="167" hits="0" branch="False" />
            <line number="168" hits="0" branch="False" />
            <line number="170" hits="0" branch="False" />
            <line number="171" hits="0" branch="False" />
            <line number="172" hits="0" branch="False" />
            <line number="175" hits="0" branch="False" />
            <line number="176" hits="0" branch="False" />
            <line number="177" hits="0" branch="False" />
            <line number="179" hits="0" branch="False" />
            <line number="180" hits="0" branch="False" />
            <line number="181" hits="0" branch="False" />
            <line number="183" hits="0" branch="False" />
            <line number="184" hits="0" branch="False" />
            <line number="49" hits="0" branch="False" />
            <line number="50" hits="0" branch="False" />
            <line number="51" hits="0" branch="False" />
            <line number="54" hits="0" branch="False" />
            <line number="56" hits="0" branch="False" />
          </lines>
        </class>
        <class name="Pomodoro.Components.Pages.Home/&lt;InvokeAsyncStateHasChanged&gt;d__14" filename="Components\Pages\Home.razor" line-rate="0" branch-rate="1" complexity="1">
          <methods>
            <method name="MoveNext" signature="()" line-rate="0" branch-rate="1" complexity="1">
              <lines>
                <line number="74" hits="0" branch="False" />
                <line number="75" hits="0" branch="False" />
                <line number="76" hits="0" branch="False" />
              </lines>
            </method>
          </methods>
          <lines>
            <line number="74" hits="0" branch="False" />
            <line number="75" hits="0" branch="False" />
            <line number="76" hits="0" branch="False" />
          </lines>
        </class>
        <class name="Pomodoro.Components.Pages.Home/&lt;OnInitializedAsync&gt;d__12" filename="Components\Pages\Home.razor" line-rate="0" branch-rate="1" complexity="1">
          <methods>
            <method name="MoveNext" signature="()" line-rate="0" branch-rate="1" complexity="1">
              <lines>
                <line number="62" hits="0" branch="False" />
                <line number="63" hits="0" branch="False" />
                <line number="64" hits="0" branch="False" />
                <line number="65" hits="0" branch="False" />
                <line number="66" hits="0" branch="False" />
              </lines>
            </method>
          </methods>
          <lines>
            <line number="62" hits="0" branch="False" />
            <line number="63" hits="0" branch="False" />
            <line number="64" hits="0" branch="False" />
            <line number="65" hits="0" branch="False" />
            <line number="66" hits="0" branch="False" />
          </lines>
        </class>
      </classes>
    </package>
  </packages>
</coverage>